<?xml version="1.0" encoding="UTF-8"?>
<!-- Generated by org.testng.reporters.JUnitXMLReporter -->
<testsuite ignored="1" hostname="DESKTOP-MUG13MS" failures="0" tests="2" name="Chrome Test" time="33.118" errors="0" timestamp="09 Jan 2020 17:55:54 GMT">
  <testcase classname="com.mytests.BaseTest" name="@BeforeMethod setup" time="0.024">
    <skipped/>
  </testcase> <!-- @BeforeMethod setup -->
  <testcase classname="com.mytests.BaseTest" name="@AfterMethod teardown" time="0.0">
    <skipped/>
  </testcase> <!-- @AfterMethod teardown -->
  <testcase classname="com.mytests.MyAccount_002_AddMailExtentions" name="verify_MyAccount_002_AddMailExtentions_Test" time="0.0">
    <skipped/>
  </testcase> <!-- verify_MyAccount_002_AddMailExtentions_Test -->
  <testcase classname="com.mytests.LoginTest" name="verifyLoginTest" time="11.95"/>
  <testcase classname="com.mytests.BaseTest" name="@AfterTest copyFile" time="0.0">
    <ignored/>
  </testcase> <!-- @AfterTest copyFile -->
</testsuite> <!-- Chrome Test -->
